Build started 2016/8/3 下午 3:50:28.
     1>Project "C:\Users\kevin\Documents\Visual Studio 2012\Projects\BabyGaze\BabyGaze\BabyGaze.vcxproj" on node 2 (Build target(s)).
     1>ClCompile:
         C:\Program Files (x86)\Microsoft Visual Studio 11.0\VC\bin\x86_amd64\CL.exe /c /I"C:\Users\kevin\Documents\Visual Studio 2012\Projects\BabyGaze\config4cpp\include" /IF:\opencv\build\/include /Zi /nologo /W3 /WX- /Od /D WIN32 /D _DEBUG /D _WINDOWS /D _UNICODE /D UNICODE /Gm /EHsc /RTC1 /MDd /GS /fp:precise /Zc:wchar_t /Zc:forScope /Fo"x64\Debug\\" /Fd"x64\Debug\vc110.pdb" /Gd /TP /errorReport:prompt test.cpp tracking.cpp
         tracking.cpp
     1>tracking.cpp(14): warning C4244: 'argument' : conversion from 'double' to 'float', possible loss of data
     1>tracking.cpp(15): warning C4244: 'argument' : conversion from 'double' to 'float', possible loss of data
     1>tracking.cpp(20): warning C4244: 'argument' : conversion from 'double' to 'int', possible loss of data
     1>tracking.cpp(21): warning C4244: 'argument' : conversion from 'double' to 'int', possible loss of data
     1>tracking.cpp(31): warning C4244: 'argument' : conversion from 'double' to 'int', possible loss of data
     1>tracking.cpp(32): warning C4244: 'argument' : conversion from 'double' to 'int', possible loss of data
     1>tracking.cpp(33): warning C4244: 'argument' : conversion from 'double' to 'int', possible loss of data
     1>tracking.cpp(34): warning C4244: 'argument' : conversion from 'double' to 'int', possible loss of data
     1>tracking.cpp(56): warning C4267: 'argument' : conversion from 'size_t' to 'int', possible loss of data
     1>tracking.cpp(57): warning C4267: 'argument' : conversion from 'size_t' to 'int', possible loss of data
     1>tracking.cpp(91): warning C4244: 'argument' : conversion from 'double' to 'int', possible loss of data
     1>tracking.cpp(115): warning C4244: '=' : conversion from 'double' to 'int', possible loss of data
     1>tracking.cpp(116): warning C4244: '=' : conversion from 'double' to 'int', possible loss of data
         test.cpp
         Generating Code...
       Link:
         C:\Program Files (x86)\Microsoft Visual Studio 11.0\VC\bin\x86_amd64\link.exe /ERRORREPORT:PROMPT /OUT:"C:\Users\kevin\Documents\Visual Studio 2012\Projects\BabyGaze\x64\Debug\BabyGaze.exe" /INCREMENTAL /NOLOGO /LIBPATH:"C:\Users\kevin\Documents\Visual Studio 2012\Projects\BabyGaze\config4cpp\lib" /LIBPATH:F:\opencv\build\x64\vc11\lib config4cpp.lib opencv_calib3d249d.lib opencv_contrib249d.lib opencv_core249d.lib opencv_features2d249d.lib opencv_flann249d.lib opencv_gpu249d.lib opencv_highgui249d.lib opencv_imgproc249d.lib opencv_legacy249d.lib opencv_ml249d.lib opencv_nonfree249d.lib opencv_objdetect249d.lib opencv_ocl249d.lib opencv_photo249d.lib opencv_stitching249d.lib opencv_superres249d.lib opencv_ts249d.lib opencv_video249d.lib opencv_videostab249d.lib Vfw32.lib kernel32.lib user32.lib gdi32.lib winspool.lib comdlg32.lib advapi32.lib shell32.lib ole32.lib oleaut32.lib uuid.lib odbc32.lib odbccp32.lib /MANIFEST /MANIFESTUAC:"level='asInvoker' uiAccess='false'" /manifest:embed /DEBUG /PDB:"C:\Users\kevin\Documents\Visual Studio 2012\Projects\BabyGaze\x64\Debug\BabyGaze.pdb" /SUBSYSTEM:CONSOLE /TLBID:1 /DYNAMICBASE /NXCOMPAT /IMPLIB:"C:\Users\kevin\Documents\Visual Studio 2012\Projects\BabyGaze\x64\Debug\BabyGaze.lib" /MACHINE:X64 x64\Debug\babyPara.obj
         x64\Debug\checkMatType.obj
         x64\Debug\genTarTemplate.obj
         x64\Debug\myEllipseAngleEst.obj
         x64\Debug\test.obj
         x64\Debug\tracking.obj
     1>test.obj : error LNK2019: unresolved external symbol "public: char const * __cdecl config4cpp::ConfigurationException::c_str(void)const " (?c_str@ConfigurationException@config4cpp@@QEBAPEBDXZ) referenced in function __catch$main$0
     1>test.obj : error LNK2019: unresolved external symbol "public: static class config4cpp::Configuration * __cdecl config4cpp::Configuration::create(void)" (?create@Configuration@config4cpp@@SAPEAV12@XZ) referenced in function main
     1>C:\Users\kevin\Documents\Visual Studio 2012\Projects\BabyGaze\x64\Debug\BabyGaze.exe : fatal error LNK1120: 2 unresolved externals
     1>Done Building Project "C:\Users\kevin\Documents\Visual Studio 2012\Projects\BabyGaze\BabyGaze\BabyGaze.vcxproj" (Build target(s)) -- FAILED.

Build FAILED.

Time Elapsed 00:00:02.77
